
scontrol show jobid 1673514
JobId=1673514 JobName=debugjob-1-noorir
   UserId=noorir(3060618) GroupId=lfefebvr(6005718) MCS_label=N/A
   Priority=12144742 Nice=0 Account=def-lfefebvr QOS=normal
   JobState=TIMEOUT Reason=TimeLimit Dependency=(null)
   Requeue=0 Restarts=0 BatchFlag=0 Reboot=0 ExitCode=0:0
   RunTime=01:00:09 TimeLimit=01:00:00 TimeMin=N/A
   SubmitTime=2019-08-12T20:48:05 EligibleTime=2019-08-12T20:48:05
   StartTime=2019-08-12T20:48:05 EndTime=2019-08-12T21:48:14 Deadline=N/A
   PreemptTime=None SuspendTime=None SecsPreSuspend=0
   LastSchedEval=2019-08-12T20:48:05
   Partition=debug AllocNode:Sid=nia-login03:30302
   ReqNodeList=(null) ExcNodeList=(null)
   NodeList=nia0563
   BatchHost=nia0563
   NumNodes=1 NumCPUs=80 NumTasks=40 CPUs/Task=1 ReqB:S:C:T=0:0:*:*
   TRES=cpu=80,node=1,billing=40
   Socks/Node=* NtasksPerN:B:S:C=0:0:*:* CoreSpec=*
   MinCPUsNode=1 MinMemoryNode=0 MinTmpDiskNode=0
   Features=(null) DelayBoot=00:00:00
   Gres=(null) Reservation=(null)
   OverSubscribe=NO Contiguous=0 Licenses=(null) Network=(null)
   Command=(null)
   WorkDir=/gpfs/fs0/scratch/l/lfefebvr/noorir/model
   Power=
   

sacct -j 1673514
       JobID    JobName    Account    Elapsed  MaxVMSize     MaxRSS  SystemCPU    UserCPU ExitCode 
------------ ---------- ---------- ---------- ---------- ---------- ---------- ---------- -------- 
1673514      debugjob-+ def-lfefe+   01:00:09                         09:09:22 1-05:08:45      0:0 
1673514.ext+     extern def-lfefe+   01:00:09    168876K      1272K  00:00.001   00:00:00      0:0 
1673514.0          bash def-lfefe+   01:00:37 373276764K  12045988K   09:09:22 1-05:08:45      0:9 
