0.0
0.4975000000000004
0.9949999999999898
1.4924999999999793
1.9899999999999687
2.487499999999958
2.9849999999999475
3.482499999999937
3.9799999999999263
4.4775
4.975000000000078
5.472500000000156
5.970000000000233
6.467500000000311
6.965000000000389
7.462500000000467
7.960000000000544
8.45750000000046
8.95500000000036
9.452500000000262
9.950000000000163
10.447500000000064
10.944999999999965
11.442499999999866
11.939999999999767
12.437499999999668
12.934999999999569
13.43249999999947
13.92999999999937
14.427499999999272
14.924999999999173
